<?xml version="1.0" encoding="UTF-8"?>
<!-- Generated by org.testng.reporters.JUnitXMLReporter -->
<testsuite hostname="HCHLH0318LP4195" ignored="2" name="Test" tests="2" failures="0" timestamp="04 Jun 2018 09:27:11 GMT" time="3.058" errors="0">
  <testcase name="compareEmpPoints" time="0.935" classname="com.DBAPITesting.Testcases.CompareEmpDetailsRelCodes"/>
  <testcase name="comparePollDetails1" time="1.54" classname="com.DBAPITesting.Testcases.ComparePollDetailsRelCodes"/>
  <testcase name="@BeforeTest startTest" time="0.0" classname="com.util.BaseTestExtentRelevantCodes">
    <ignored/>
  </testcase> <!-- @BeforeTest startTest -->
  <testcase name="@AfterTest endReport" time="0.0" classname="com.util.BaseTestExtentRelevantCodes">
    <ignored/>
  </testcase> <!-- @AfterTest endReport -->
</testsuite> <!-- Test -->
